<?xml version="1.0" encoding="UTF-8"?>
<!-- Generated by org.testng.reporters.JUnitXMLReporter -->
<testsuite ignored="0" hostname="Macs-MacBook-Pro.local" failures="0" tests="4" name="Test" time="0.078" errors="0" timestamp="2024-12-08T21:02:05 IST">
  <testcase classname="testNGDEMO.AnnotationsDemo1" name="search" time="0.006"/>
  <testcase classname="testNGDEMO.AnnotationsDemo1" name="Advancesearch" time="0.003"/>
  <testcase classname="testNGDEMO.AnnotationsDemo2" name="search" time="0.001"/>
  <testcase classname="testNGDEMO.AnnotationsDemo2" name="Advancesearch" time="0.002"/>
</testsuite> <!-- Test -->
